<?xml version="1.0" encoding="UTF-8"?>
<testng-results ignored="0" total="2" passed="2" failed="0" skipped="0">
  <reporter-output>
  </reporter-output>
  <suite started-at="2023-07-17T22:09:12 IST" name="Suite" finished-at="2023-07-17T22:09:22 IST" duration-ms="9072">
    <groups>
    </groups>
    <test started-at="2023-07-17T22:09:12 IST" name="Test" finished-at="2023-07-17T22:09:22 IST" duration-ms="9072">
      <class name="com.appauto.tests.LoginPageTests">
        <test-method is-config="true" signature="setUp()[pri:0, instance:com.appauto.tests.LoginPageTests@194bcebf]" started-at="2023-07-17T22:09:18 IST" name="setUp" finished-at="2023-07-17T22:09:21 IST" duration-ms="3204" status="PASS">
          <reporter-output>
          </reporter-output>
        </test-method> <!-- setUp -->
        <test-method signature="test1()[pri:0, instance:com.appauto.tests.LoginPageTests@194bcebf]" started-at="2023-07-17T22:09:21 IST" name="test1" finished-at="2023-07-17T22:09:21 IST" duration-ms="306" status="PASS">
          <reporter-output>
          </reporter-output>
        </test-method> <!-- test1 -->
        <test-method is-config="true" signature="tearDown()[pri:0, instance:com.appauto.tests.LoginPageTests@194bcebf]" started-at="2023-07-17T22:09:21 IST" name="tearDown" finished-at="2023-07-17T22:09:22 IST" duration-ms="249" status="PASS">
          <reporter-output>
          </reporter-output>
        </test-method> <!-- tearDown -->
      </class> <!-- com.appauto.tests.LoginPageTests -->
      <class name="com.appauto.tests.HomePage">
        <test-method is-config="true" signature="setUp()[pri:0, instance:com.appauto.tests.HomePage@47faa49c]" started-at="2023-07-17T22:09:13 IST" name="setUp" finished-at="2023-07-17T22:09:17 IST" duration-ms="4547" status="PASS">
          <reporter-output>
          </reporter-output>
        </test-method> <!-- setUp -->
        <test-method signature="test2()[pri:0, instance:com.appauto.tests.HomePage@47faa49c]" started-at="2023-07-17T22:09:17 IST" name="test2" finished-at="2023-07-17T22:09:17 IST" duration-ms="391" status="PASS">
          <reporter-output>
          </reporter-output>
        </test-method> <!-- test2 -->
        <test-method is-config="true" signature="tearDown()[pri:0, instance:com.appauto.tests.HomePage@47faa49c]" started-at="2023-07-17T22:09:17 IST" name="tearDown" finished-at="2023-07-17T22:09:18 IST" duration-ms="330" status="PASS">
          <reporter-output>
          </reporter-output>
        </test-method> <!-- tearDown -->
      </class> <!-- com.appauto.tests.HomePage -->
    </test> <!-- Test -->
  </suite> <!-- Suite -->
</testng-results>
